<?xml version="1.0" encoding="UTF-8"?>
<testsuite xmlns:xsi="http://www.w3.org/2001/XMLSchema-instance" xsi:noNamespaceSchemaLocation="https://maven.apache.org/surefire/maven-surefire-plugin/xsd/surefire-test-report-3.0.xsd" version="3.0" name="com.ddemott.chessai.BoardCoreRulesTest" time="0.018" tests="11" errors="0" skipped="0" failures="0">
  <properties>
[...]
</properties>
  <testcase name="testEnPassantCapture" classname="com.ddemott.chessai.BoardCoreRulesTest" time="0.002">
    <system-out><![CDATA[  a b c d e f g h
8 r n b q k b n r 8
7 p p p p p p p p 7
6 . . . . . . . . 6
5 . . . . . . . . 5
4 . . . . P . . . 4
3 . . . . . . . . 3
2 P P P P . P P P 2
1 R N B Q K B N R 1
  a b c d e f g h

  a b c d e f g h
8 r n b q k b n r 8
7 p p p . p p p p 7
6 . . . . . . . . 6
5 . . . p . . . . 5
4 . . . . P . . . 4
3 . . . . . . . . 3
2 P P P P . P P P 2
1 R N B Q K B N R 1
  a b c d e f g h

En passant target after d7-d5: d6
En passant move success: true
  a b c d e f g h
8 r n b q k b n r 8
7 p p p . p p p p 7
6 . . . . . . . . 6
5 . . . P . . . . 5
4 . . . . . . . . 4
3 . . . . . . . . 3
2 P P P P . P P P 2
1 R N B Q K B N R 1
  a b c d e f g h

]]></system-out>
  </testcase>
  <testcase name="testThreefoldRepetition" classname="com.ddemott.chessai.BoardCoreRulesTest" time="0.001"/>
  <testcase name="testFiftyMoveRule" classname="com.ddemott.chessai.BoardCoreRulesTest" time="0.001"/>
  <testcase name="testCastlingKingSideAndQueenSide" classname="com.ddemott.chessai.BoardCoreRulesTest" time="0.002"/>
  <testcase name="testInsufficientMaterial" classname="com.ddemott.chessai.BoardCoreRulesTest" time="0.001"/>
  <testcase name="testEnPassantEdgeCases" classname="com.ddemott.chessai.BoardCoreRulesTest" time="0.0"/>
  <testcase name="testPinnedPieceCannotMove" classname="com.ddemott.chessai.BoardCoreRulesTest" time="0.003">
    <system-out><![CDATA[Board before move attempt:
  a b c d e f g h
8 . . . . r . . . 8
7 . . . . . . . . 7
6 . . . . . . . . 6
5 . . . . . . . . 5
4 . . . . . . . . 4
3 . . . . . . . . 3
2 . . . . B . . . 2
1 . . . . K . . . 1
  a b c d e f g h

Is king in check before move: false
Would moving bishop expose king: true
Bishop can move: false
Board after move attempt:
  a b c d e f g h
8 . . . . r . . . 8
7 . . . . . . . . 7
6 . . . . . . . . 6
5 . . . . . . . . 5
4 . . . . . . . . 4
3 . . . . . . . . 3
2 . . . . B . . . 2
1 . . . . K . . . 1
  a b c d e f g h

]]></system-out>
  </testcase>
  <testcase name="testPawnPromotion" classname="com.ddemott.chessai.BoardCoreRulesTest" time="0.001">
    <system-out><![CDATA[  a b c d e f g h
8 . n b q k b n r 8
7 . p p p p p p . 7
6 . . . . . . . p 6
5 . . . . . . . . 5
4 P . . . . . . . 4
3 . . . . . . . . 3
2 . P P P P P P P 2
1 R N B Q K B N R 1
  a b c d e f g h

  a b c d e f g h
8 . n b q k b n r 8
7 . p p p p p p . 7
6 . . . . . . . . 6
5 P . . . . . . p 5
4 . . . . . . . . 4
3 . . . . . . . . 3
2 . P P P P P P P 2
1 R N B Q K B N R 1
  a b c d e f g h

  a b c d e f g h
8 . n b q k b n r 8
7 . p p p p p p . 7
6 P . . . . . . . 6
5 . . . . . . . . 5
4 . . . . . . . p 4
3 . . . . . . . . 3
2 . P P P P P P P 2
1 R N B Q K B N R 1
  a b c d e f g h

  a b c d e f g h
8 . n b q k b n r 8
7 P p p p p p p . 7
6 . . . . . . . . 6
5 . . . . . . . . 5
4 . . . . . . . . 4
3 . . . . . . . p 3
2 . P P P P P P P 2
1 R N B Q K B N R 1
  a b c d e f g h

Pawn before promotion: P
Promotion move success: true
  a b c d e f g h
8 Q n b q k b n r 8
7 . p p p p p p . 7
6 . . . . . . . . 6
5 . . . . . . . . 5
4 . . . . . . . . 4
3 . . . . . . . p 3
2 . P P P P P P P 2
1 R N B Q K B N R 1
  a b c d e f g h

]]></system-out>
  </testcase>
  <testcase name="testStalemateDetection" classname="com.ddemott.chessai.BoardCoreRulesTest" time="0.0"/>
  <testcase name="testCastlingEdgeCases" classname="com.ddemott.chessai.BoardCoreRulesTest" time="0.0"/>
  <testcase name="testPromotionToAllPieceTypes" classname="com.ddemott.chessai.BoardCoreRulesTest" time="0.002"/>
</testsuite>